<?xml version="1.0" encoding="UTF-8"?>
<!-- Generated by org.testng.reporters.JUnitXMLReporter -->
<testsuite hostname="cl1" ignored="8" name="Smoketest" tests="3" failures="0" timestamp="04 Feb 2020 03:50:23 GMT" time="0.027" errors="0">
  <testcase name="Tc_01_Validate_Register_Module" time="0.004" classname="com.testcases.Tc_01"/>
  <testcase name="Tc_02_Validate_JobSeeker_Module" time="0.002" classname="com.testcases.Tc_02"/>
  <testcase name="Tc_03_Validate_Fresher_Module" time="0.001" classname="com.testcases.Tc_03"/>
  <testcase name="@BeforeSuite beforeSuite" time="0.0" classname="com.annotations.Annotations">
    <ignored/>
  </testcase> <!-- @BeforeSuite beforeSuite -->
  <testcase name="@BeforeSuite beforeSuite" time="0.0" classname="com.annotations.Annotations">
    <ignored/>
  </testcase> <!-- @BeforeSuite beforeSuite -->
  <testcase name="@BeforeTest beforeTest" time="0.0" classname="com.annotations.Annotations">
    <ignored/>
  </testcase> <!-- @BeforeTest beforeTest -->
  <testcase name="@BeforeTest beforeTest" time="0.0" classname="com.annotations.Annotations">
    <ignored/>
  </testcase> <!-- @BeforeTest beforeTest -->
  <testcase name="@AfterTest afterTest" time="0.0" classname="com.annotations.Annotations">
    <ignored/>
  </testcase> <!-- @AfterTest afterTest -->
  <testcase name="@AfterTest afterTest" time="0.0" classname="com.annotations.Annotations">
    <ignored/>
  </testcase> <!-- @AfterTest afterTest -->
  <testcase name="@AfterSuite afterSuite" time="0.0" classname="com.annotations.Annotations">
    <ignored/>
  </testcase> <!-- @AfterSuite afterSuite -->
  <testcase name="@AfterSuite afterSuite" time="0.0" classname="com.annotations.Annotations">
    <ignored/>
  </testcase> <!-- @AfterSuite afterSuite -->
</testsuite> <!-- Smoketest -->
