<?xml version="1.0" encoding="UTF-8"?>
<!-- Generated by org.testng.reporters.JUnitXMLReporter -->
<testsuite hostname="cl1" ignored="8" name="Test" tests="4" failures="0" timestamp="04 Feb 2020 04:23:28 GMT" time="0.067" errors="0">
  <testcase name="Tc_01_Validate_Register_Module" time="0.009" classname="com.testcases.Tc_01_Validate_Register_Module"/>
  <testcase name="dotest" time="0.002" classname="com.testcases.Tc_01_Validate_Register_Module"/>
  <testcase name="Tc_02_Validate_JobSeeker_Module" time="0.002" classname="com.testcases.Tc_02"/>
  <testcase name="Tc_03_Validate_Fresher_Module" time="0.002" classname="com.testcases.Tc_03"/>
  <testcase name="@BeforeSuite beforeSuite" time="0.0" classname="com.annotations.Annotations">
    <ignored/>
  </testcase> <!-- @BeforeSuite beforeSuite -->
  <testcase name="@BeforeSuite beforeSuite" time="0.0" classname="com.annotations.Annotations">
    <ignored/>
  </testcase> <!-- @BeforeSuite beforeSuite -->
  <testcase name="@BeforeTest beforeTest" time="0.0" classname="com.annotations.Annotations">
    <ignored/>
  </testcase> <!-- @BeforeTest beforeTest -->
  <testcase name="@BeforeTest beforeTest" time="0.0" classname="com.annotations.Annotations">
    <ignored/>
  </testcase> <!-- @BeforeTest beforeTest -->
  <testcase name="@AfterTest afterTest" time="0.0" classname="com.annotations.Annotations">
    <ignored/>
  </testcase> <!-- @AfterTest afterTest -->
  <testcase name="@AfterTest afterTest" time="0.0" classname="com.annotations.Annotations">
    <ignored/>
  </testcase> <!-- @AfterTest afterTest -->
  <testcase name="@AfterSuite afterSuite" time="0.0" classname="com.annotations.Annotations">
    <ignored/>
  </testcase> <!-- @AfterSuite afterSuite -->
  <testcase name="@AfterSuite afterSuite" time="0.0" classname="com.annotations.Annotations">
    <ignored/>
  </testcase> <!-- @AfterSuite afterSuite -->
</testsuite> <!-- Test -->
