<?xml version="1.0" encoding="UTF-8"?>
<testng-results skipped="0" failed="0" ignored="0" total="1" passed="1">
  <reporter-output>
  </reporter-output>
  <suite name="Default suite" duration-ms="27050" started-at="2020-02-06T03:56:12Z" finished-at="2020-02-06T03:56:39Z">
    <groups>
    </groups>
    <test name="Default test" duration-ms="27050" started-at="2020-02-06T03:56:12Z" finished-at="2020-02-06T03:56:39Z">
      <class name="com.testcases.Tc_01_Validate_Register_Module">
        <test-method status="PASS" signature="beforeSuite()[pri:0, instance:com.testcases.Tc_01_Validate_Register_Module@6eebc39e]" name="beforeSuite" is-config="true" duration-ms="1390" started-at="2020-02-06T03:56:11Z" finished-at="2020-02-06T03:56:12Z">
          <reporter-output>
          </reporter-output>
        </test-method> <!-- beforeSuite -->
        <test-method status="PASS" signature="beforeTest()[pri:0, instance:com.testcases.Tc_01_Validate_Register_Module@6eebc39e]" name="beforeTest" is-config="true" duration-ms="1" started-at="2020-02-06T03:56:12Z" finished-at="2020-02-06T03:56:12Z">
          <reporter-output>
          </reporter-output>
        </test-method> <!-- beforeTest -->
        <test-method status="PASS" signature="beforeMethod(java.lang.reflect.Method)[pri:0, instance:com.testcases.Tc_01_Validate_Register_Module@6eebc39e]" name="beforeMethod" is-config="true" duration-ms="9" started-at="2020-02-06T03:56:12Z" finished-at="2020-02-06T03:56:12Z">
          <params>
            <param index="0">
              <value>
                <![CDATA[public void com.testcases.Tc_01_Validate_Register_Module.Tc_01_Validate_Register_Module()]]>
              </value>
            </param>
          </params>
          <reporter-output>
          </reporter-output>
        </test-method> <!-- beforeMethod -->
        <test-method status="PASS" signature="Tc_01_Validate_Register_Module()[pri:0, instance:com.testcases.Tc_01_Validate_Register_Module@6eebc39e]" name="Tc_01_Validate_Register_Module" duration-ms="26998" started-at="2020-02-06T03:56:12Z" finished-at="2020-02-06T03:56:39Z">
          <reporter-output>
          </reporter-output>
        </test-method> <!-- Tc_01_Validate_Register_Module -->
        <test-method status="PASS" signature="afterMethod()[pri:0, instance:com.testcases.Tc_01_Validate_Register_Module@6eebc39e]" name="afterMethod" is-config="true" duration-ms="2" started-at="2020-02-06T03:56:39Z" finished-at="2020-02-06T03:56:39Z">
          <reporter-output>
          </reporter-output>
        </test-method> <!-- afterMethod -->
        <test-method status="PASS" signature="afterTest()[pri:0, instance:com.testcases.Tc_01_Validate_Register_Module@6eebc39e]" name="afterTest" is-config="true" duration-ms="0" started-at="2020-02-06T03:56:39Z" finished-at="2020-02-06T03:56:39Z">
          <reporter-output>
          </reporter-output>
        </test-method> <!-- afterTest -->
        <test-method status="PASS" signature="afterSuite()[pri:0, instance:com.testcases.Tc_01_Validate_Register_Module@6eebc39e]" name="afterSuite" is-config="true" duration-ms="460" started-at="2020-02-06T03:56:39Z" finished-at="2020-02-06T03:56:40Z">
          <reporter-output>
          </reporter-output>
        </test-method> <!-- afterSuite -->
      </class> <!-- com.testcases.Tc_01_Validate_Register_Module -->
    </test> <!-- Default test -->
  </suite> <!-- Default suite -->
</testng-results>
